Godot Engine v4.0.rc.arch_linux.d69809cab - https://godotengine.org
Vulkan API 1.3.230 - Forward Mobile - Using Vulkan Device #0: AMD - AMD Radeon Vega 8 Graphics (RADV RAVEN)
 
USER ERROR: Condition "_first != nullptr" is true.
   at: ~List (./core/templates/self_list.h:106)
USER ERROR: Attempted to free invalid ID: 0
   at: _free_internal (drivers/vulkan/rendering_device_vulkan.cpp:8386)
USER ERROR: Attempted to free invalid ID: 0
   at: _free_internal (drivers/vulkan/rendering_device_vulkan.cpp:8386)
USER ERROR: Attempted to free invalid ID: 0
   at: _free_internal (drivers/vulkan/rendering_device_vulkan.cpp:8386)
USER ERROR: Attempted to free invalid ID: 0
   at: _free_internal (drivers/vulkan/rendering_device_vulkan.cpp:8386)
USER ERROR: Attempted to free invalid ID: 0
   at: _free_internal (drivers/vulkan/rendering_device_vulkan.cpp:8386)
USER ERROR: Condition "!shader" is true.
   at: shader_free (servers/rendering/renderer_rd/storage_rd/material_storage.cpp:2453)
USER ERROR: Condition "!material" is true.
   at: material_free (servers/rendering/renderer_rd/storage_rd/material_storage.cpp:2686)
ERROR: 8 RID allocations of type 'N10RendererRD14TextureStorage7TextureE' were leaked at exit.
ERROR: 32 RID allocations of type 'N18RendererCanvasCull4ItemE' were leaked at exit.
ERROR: 2 RID allocations of type 'N18RendererCanvasCull6CanvasE' were leaked at exit.
USER WARNING: 16 RIDs of type "Texture" were leaked.
   at: finalize (drivers/vulkan/rendering_device_vulkan.cpp:9290)
ERROR: 16 RID allocations of type 'PN18TextServerAdvanced22ShapedTextDataAdvancedE' were leaked at exit.
ERROR: 2 RID allocations of type 'PN18TextServerAdvanced12FontAdvancedE' were leaked at exit.
USER WARNING: ObjectDB instances leaked at exit (run with --verbose for details).
   at: cleanup (core/object/object.cpp:1982)
USER ERROR: Resources still in use at exit (run with --verbose for details).
   at: clear (core/io/resource.cpp:489)
